<?xml version="1.0" encoding="UTF-8"?>
<testsuite name="app.game.cm.misc.javeriana.com.gameapp.ExampleUnitTest" tests="1" skipped="0" failures="0" errors="0" timestamp="2018-09-04T01:48:21" hostname="Miguels-MacBook-Pro.local" time="0.002">
  <properties/>
  <testcase name="addition_isCorrect" classname="app.game.cm.misc.javeriana.com.gameapp.ExampleUnitTest" time="0.002"/>
  <system-out><![CDATA[]]></system-out>
  <system-err><![CDATA[]]></system-err>
</testsuite>
